19-10-19 17:27:34: STREAM Streamer started
19-10-19 17:28:46: STREAM Streamer started
19-10-19 17:29:02: STREAM Streamer started
19-10-19 17:29:30: STREAM Streamer started
19-10-19 17:29:46: STREAM Streamer started
19-10-19 17:30:36: STREAM Streamer started
19-10-19 17:30:54: STREAM Streamer started
19-10-19 17:32:19: (stream) Streamer started
19-10-19 17:32:1571520755: (stream) Streamer started
19-10-19 Oct:10:1571520766: (stream) Streamer started
19-10-19 Oct:10:1571520986.646: (stream) Streamer started
19-10-19 Oct:10:53.790: (stream) Streamer started
19-10-19 Oct:10:1571521031.: (stream) Streamer started
2019-10-19 17:39:41: (stream) Streamer started
2019-10-19 17:40:12: (stream) Streamer started
INFO:(stream):Streamer started
2019-10-19 17:47:22: (stream) Streamer started
2019-10-19 17:47:40: (stream) initialized
2019-10-19 17:57:37: googleapiclient.discovery URL being requested: GET https://www.googleapis.com/discovery/v1/apis/customsearch/v1/rest?key=AIzaSyDvpeEfdyZZIFqgEQ2Gmw5q5LkJN54CnBQ
2019-10-19 17:57:38: googleapiclient.discovery URL being requested: GET https://www.googleapis.com/customsearch/v1?cx=003155942714465478666%3Aa3phhqg2xgo&q=macross&searchType=image&num=4&fileType=png&safe=off&key=AIzaSyDvpeEfdyZZIFqgEQ2Gmw5q5LkJN54CnBQ&alt=json
2019-10-19 17:58:38: googleapiclient.discovery URL being requested: GET https://www.googleapis.com/discovery/v1/apis/customsearch/v1/rest?key=AIzaSyDvpeEfdyZZIFqgEQ2Gmw5q5LkJN54CnBQ
2019-10-19 17:58:39: googleapiclient.discovery URL being requested: GET https://www.googleapis.com/customsearch/v1?cx=003155942714465478666%3Aa3phhqg2xgo&q=macross&searchType=image&num=4&fileType=png&safe=off&key=AIzaSyDvpeEfdyZZIFqgEQ2Gmw5q5LkJN54CnBQ&alt=json
2019-10-19 18:00:50: googleapiclient.discovery URL being requested: GET https://www.googleapis.com/discovery/v1/apis/customsearch/v1/rest?key=AIzaSyDvpeEfdyZZIFqgEQ2Gmw5q5LkJN54CnBQ
2019-10-19 18:00:50: googleapiclient.discovery URL being requested: GET https://www.googleapis.com/customsearch/v1?cx=003155942714465478666%3Aa3phhqg2xgo&q=macross&searchType=image&num=4&fileType=png&safe=off&key=AIzaSyDvpeEfdyZZIFqgEQ2Gmw5q5LkJN54CnBQ&alt=json
2019-10-19 19:18:20: (stream) initialized
2019-10-19 19:27:11: (stream) initialized
2019-10-19 19:27:26: (stream) initialized
2019-10-19 19:30:59: (stream) initialized
2019-10-19 19:58:02: (stream) initialized
2019-10-19 20:02:53: (stream) initialized
2019-10-19 20:07:37: (stream) initialized
2019-10-19 20:09:39: (stream) initialized
2019-10-19 20:11:57: (stream) initialized
2019-10-19 20:11:59: (stream) 420
2019-10-19 20:16:39: (stream) initialized
2019-10-19 20:16:40: (stream) disconnected
2019-10-19 20:16:52: (stream) disconnected
2019-10-19 20:17:57: (stream) initialized
2019-10-19 20:17:57: (stream) error 420
2019-10-19 20:18:16: (stream) disconnected
2019-10-19 20:18:18: (stream) initialized
2019-10-19 20:18:18: (stream) error 420
2019-10-19 20:18:21: (stream) disconnected
2019-10-19 20:18:34: (stream) initialized
2019-10-19 20:18:37: (stream) error 420
2019-10-19 20:19:18: (stream) disconnected
2019-10-19 20:19:20: (stream) initialized
2019-10-19 20:19:20: (stream) error 420
2019-10-19 20:22:21: (stream) disconnected
2019-10-19 20:22:23: (stream) initialized
2019-10-19 20:22:24: (stream) error 420
2019-10-19 20:26:46: (stream) disconnected
2019-10-19 20:26:48: (stream) initialized
2019-10-19 20:26:49: (stream) error 420
2019-10-19 20:26:53: (stream) disconnected
2019-10-19 20:27:34: (stream) initialized
2019-10-19 20:27:35: (stream) error 420
2019-10-19 20:28:40: (stream) initialized
2019-10-19 20:28:42: (stream) error 420
2019-10-19 20:28:48: (stream) disconnected
2019-10-19 20:30:30: (stream) initialized
2019-10-19 20:30:30: (stream) error 420
2019-10-19 20:30:54: (stream) initialized
2019-10-19 20:30:55: (stream) error 420
2019-10-19 20:43:40: (stream) initialized
2019-10-19 20:45:38: (stream) initialized
2019-10-19 20:48:26: (stream) initialized
2019-10-19 20:48:37: (stream) initialized
2019-10-19 20:48:39: (stream) disconnected
2019-10-19 20:49:09: (stream) initialized
2019-10-19 20:49:10: (stream) disconnected
2019-10-19 20:51:52: (stream) initialized
2019-10-19 20:52:00: (stream) disconnected
2019-10-19 20:52:04: (stream) initialized
2019-10-19 20:52:05: (stream) error 420
2019-10-19 20:52:44: (stream) disconnected
2019-10-19 20:52:50: (stream) initialized
2019-10-19 20:52:51: (stream) error 420
2019-10-19 20:53:32: (stream) initialized
2019-10-19 20:53:33: (stream) error 420
2019-10-19 20:54:03: (stream) initialized
2019-10-19 20:54:03: (stream) error 420
